# JRE version: Java(TM) SE Runtime Environment 18.9 (11.0.14+8) (build 11.0.14+8-LTS-263)
# Java VM: Java HotSpot(TM) 64-Bit Server VM 18.9 (11.0.14+8-LTS-263, mixed mode, tiered, compressed oops, g1 gc, windows-amd64)
Heap:
 garbage-first heap   total 129024K, used 25660K [0x0000000083a00000, 0x0000000100000000)
  region size 1024K, 20 young (20480K), 2 survivors (2048K)
 Metaspace       used 16508K, capacity 17076K, committed 17280K, reserved 1064960K
  class space    used 1709K, capacity 1884K, committed 1920K, reserved 1048576K
GC Heap History (6 events):
Event: 1.334 GC heap before
{Heap before GC invocations=0 (full 0):
 garbage-first heap   total 129024K, used 13312K [0x0000000083a00000, 0x0000000100000000)
  region size 1024K, 14 young (14336K), 0 survivors (0K)
 Metaspace       used 8702K, capacity 8857K, committed 9088K, reserved 1056768K
  class space    used 800K, capacity 872K, committed 896K, reserved 1048576K
}
Event: 1.340 GC heap after
{Heap after GC invocations=1 (full 0):
 garbage-first heap   total 129024K, used 6953K [0x0000000083a00000, 0x0000000100000000)
  region size 1024K, 2 young (2048K), 2 survivors (2048K)
 Metaspace       used 8702K, capacity 8857K, committed 9088K, reserved 1056768K
  class space    used 800K, capacity 872K, committed 896K, reserved 1048576K
}
Event: 1.623 GC heap before
{Heap before GC invocations=1 (full 0):
 garbage-first heap   total 129024K, used 15145K [0x0000000083a00000, 0x0000000100000000)
  region size 1024K, 10 young (10240K), 2 survivors (2048K)
 Metaspace       used 10781K, capacity 11054K, committed 11136K, reserved 1058816K
  class space    used 1011K, capacity 1119K, committed 1152K, reserved 1048576K
}
Event: 1.626 GC heap after
{Heap after GC invocations=2 (full 0):
 garbage-first heap   total 129024K, used 7095K [0x0000000083a00000, 0x0000000100000000)
  region size 1024K, 1 young (1024K), 1 survivors (1024K)
 Metaspace       used 10781K, capacity 11054K, committed 11136K, reserved 1058816K
  class space    used 1011K, capacity 1119K, committed 1152K, reserved 1048576K
}
Event: 2.850 GC heap before
{Heap before GC invocations=2 (full 0):
 garbage-first heap   total 129024K, used 30647K [0x0000000083a00000, 0x0000000100000000)
  region size 1024K, 24 young (24576K), 1 survivors (1024K)
 Metaspace       used 14276K, capacity 14743K, committed 14976K, reserved 1062912K
  class space    used 1464K, capacity 1633K, committed 1664K, reserved 1048576K
}
Event: 2.853 GC heap after
{Heap after GC invocations=3 (full 0):
 garbage-first heap   total 129024K, used 8252K [0x0000000083a00000, 0x0000000100000000)
  region size 1024K, 2 young (2048K), 2 survivors (2048K)
 Metaspace       used 14276K, capacity 14743K, committed 14976K, reserved 1062912K
  class space    used 1464K, capacity 1633K, committed 1664K, reserved 1048576K
}

