# JRE version: Java(TM) SE Runtime Environment 18.9 (11.0.14+8) (build 11.0.14+8-LTS-263)
# Java VM: Java HotSpot(TM) 64-Bit Server VM 18.9 (11.0.14+8-LTS-263, mixed mode, tiered, compressed oops, g1 gc, windows-amd64)
Heap:
 garbage-first heap   total 129024K, used 37028K [0x0000000083a00000, 0x0000000100000000)
  region size 1024K, 30 young (30720K), 7 survivors (7168K)
 Metaspace       used 33872K, capacity 34732K, committed 34992K, reserved 1079296K
  class space    used 3894K, capacity 4281K, committed 4352K, reserved 1048576K
GC Heap History (10 events):
Event: 1.077 GC heap before
{Heap before GC invocations=1 (full 0):
 garbage-first heap   total 129024K, used 17245K [0x0000000083a00000, 0x0000000100000000)
  region size 1024K, 12 young (12288K), 2 survivors (2048K)
 Metaspace       used 10086K, capacity 10275K, committed 10496K, reserved 1058816K
  class space    used 942K, capacity 1006K, committed 1024K, reserved 1048576K
}
Event: 1.080 GC heap after
{Heap after GC invocations=2 (full 0):
 garbage-first heap   total 129024K, used 7611K [0x0000000083a00000, 0x0000000100000000)
  region size 1024K, 1 young (1024K), 1 survivors (1024K)
 Metaspace       used 10086K, capacity 10275K, committed 10496K, reserved 1058816K
  class space    used 942K, capacity 1006K, committed 1024K, reserved 1048576K
}
Event: 2.086 GC heap before
{Heap before GC invocations=2 (full 0):
 garbage-first heap   total 129024K, used 32187K [0x0000000083a00000, 0x0000000100000000)
  region size 1024K, 25 young (25600K), 1 survivors (1024K)
 Metaspace       used 15058K, capacity 15414K, committed 15616K, reserved 1062912K
  class space    used 1533K, capacity 1675K, committed 1792K, reserved 1048576K
}
Event: 2.090 GC heap after
{Heap after GC invocations=3 (full 0):
 garbage-first heap   total 129024K, used 8888K [0x0000000083a00000, 0x0000000100000000)
  region size 1024K, 2 young (2048K), 2 survivors (2048K)
 Metaspace       used 15058K, capacity 15414K, committed 15616K, reserved 1062912K
  class space    used 1533K, capacity 1675K, committed 1792K, reserved 1048576K
}
Event: 2.801 GC heap before
{Heap before GC invocations=3 (full 0):
 garbage-first heap   total 129024K, used 64184K [0x0000000083a00000, 0x0000000100000000)
  region size 1024K, 56 young (57344K), 2 survivors (2048K)
 Metaspace       used 20316K, capacity 20824K, committed 21120K, reserved 1069056K
  class space    used 2172K, capacity 2371K, committed 2432K, reserved 1048576K
}
Event: 2.805 GC heap after
{Heap after GC invocations=4 (full 0):
 garbage-first heap   total 129024K, used 9749K [0x0000000083a00000, 0x0000000100000000)
  region size 1024K, 3 young (3072K), 3 survivors (3072K)
 Metaspace       used 20316K, capacity 20824K, committed 21120K, reserved 1069056K
  class space    used 2172K, capacity 2371K, committed 2432K, reserved 1048576K
}
Event: 2.926 GC heap before
{Heap before GC invocations=4 (full 0):
 garbage-first heap   total 129024K, used 13845K [0x0000000083a00000, 0x0000000100000000)
  region size 1024K, 8 young (8192K), 3 survivors (3072K)
 Metaspace       used 20720K, capacity 21178K, committed 21296K, reserved 1069056K
  class space    used 2219K, capacity 2425K, committed 2432K, reserved 1048576K
}
Event: 2.931 GC heap after
{Heap after GC invocations=5 (full 0):
 garbage-first heap   total 129024K, used 10037K [0x0000000083a00000, 0x0000000100000000)
  region size 1024K, 3 young (3072K), 3 survivors (3072K)
 Metaspace       used 20720K, capacity 21178K, committed 21296K, reserved 1069056K
  class space    used 2219K, capacity 2425K, committed 2432K, reserved 1048576K
}
Event: 4.238 GC heap before
{Heap before GC invocations=6 (full 0):
 garbage-first heap   total 129024K, used 76597K [0x0000000083a00000, 0x0000000100000000)
  region size 1024K, 68 young (69632K), 3 survivors (3072K)
 Metaspace       used 30385K, capacity 31012K, committed 31280K, reserved 1077248K
  class space    used 3387K, capacity 3663K, committed 3712K, reserved 1048576K
}
Event: 4.249 GC heap after
{Heap after GC invocations=7 (full 0):
 garbage-first heap   total 129024K, used 14500K [0x0000000083a00000, 0x0000000100000000)
  region size 1024K, 7 young (7168K), 7 survivors (7168K)
 Metaspace       used 30385K, capacity 31012K, committed 31280K, reserved 1077248K
  class space    used 3387K, capacity 3663K, committed 3712K, reserved 1048576K
}

